<?xml version="1.0" encoding="UTF-8"?>
<testng-results skipped="0" failed="0" total="2" passed="2">
  <reporter-output>
  </reporter-output>
  <suite name="Suite1" duration-ms="97" started-at="2019-02-15T07:45:22Z" finished-at="2019-02-15T07:45:22Z">
    <groups>
    </groups>
    <test name="Test" duration-ms="97" started-at="2019-02-15T07:45:22Z" finished-at="2019-02-15T07:45:22Z">
      <class name="com.Test.Test1">
        <test-method status="PASS" signature="test1()[pri:0, instance:com.Test.Test1@3c756e4d]" name="test1" duration-ms="43" started-at="2019-02-15T13:15:22Z" finished-at="2019-02-15T13:15:22Z">
          <reporter-output>
          </reporter-output>
        </test-method> <!-- test1 -->
      </class> <!-- com.Test.Test1 -->
      <class name="com.Test.test2">
        <test-method status="PASS" signature="abc()[pri:0, instance:com.Test.test2@3c09711b]" name="abc" duration-ms="5" started-at="2019-02-15T13:15:22Z" finished-at="2019-02-15T13:15:22Z">
          <reporter-output>
          </reporter-output>
        </test-method> <!-- abc -->
      </class> <!-- com.Test.test2 -->
    </test> <!-- Test -->
  </suite> <!-- Suite1 -->
</testng-results>
