<?xml version="1.0" encoding="UTF-8"?>
<testng-results skipped="0" failed="0" ignored="0" total="1" passed="1">
  <reporter-output>
  </reporter-output>
  <suite name="Default suite" duration-ms="144" started-at="2018-10-10T11:52:46Z" finished-at="2018-10-10T11:52:47Z">
    <groups>
    </groups>
    <test name="Default test" duration-ms="144" started-at="2018-10-10T11:52:46Z" finished-at="2018-10-10T11:52:47Z">
      <class name="com.MavenPro3.MavenThree.MyClassTest">
        <test-method status="PASS" signature="openBrowser()[pri:0, instance:com.MavenPro3.MavenThree.MyClassTest@6a41eaa2]" name="openBrowser" duration-ms="34" started-at="2018-10-10T11:52:46Z" finished-at="2018-10-10T11:52:47Z">
          <reporter-output>
          </reporter-output>
        </test-method> <!-- openBrowser -->
      </class> <!-- com.MavenPro3.MavenThree.MyClassTest -->
    </test> <!-- Default test -->
  </suite> <!-- Default suite -->
</testng-results>
