<?xml version="1.0" encoding="UTF-8"?>
<testng-results skipped="0" failed="0" ignored="0" total="2" passed="2">
  <reporter-output>
  </reporter-output>
  <suite name="MySuite1" duration-ms="115" started-at="2019-02-13T10:07:29Z" finished-at="2019-02-13T10:07:29Z">
    <groups>
    </groups>
    <test name="Nopackage" duration-ms="115" started-at="2019-02-13T10:07:29Z" finished-at="2019-02-13T10:07:29Z">
      <class name="com.TestNgsuits.Test2">
        <test-method status="PASS" signature="sample2()[pri:0, instance:com.TestNgsuits.Test2@4678c730]" name="sample2" duration-ms="4" started-at="2019-02-13T10:07:29Z" finished-at="2019-02-13T10:07:29Z">
          <reporter-output>
          </reporter-output>
        </test-method> <!-- sample2 -->
      </class> <!-- com.TestNgsuits.Test2 -->
      <class name="com.TestNgsuits.Test1">
        <test-method status="PASS" signature="Sample()[pri:0, instance:com.TestNgsuits.Test1@724af044]" name="Sample" duration-ms="26" started-at="2019-02-13T10:07:29Z" finished-at="2019-02-13T10:07:29Z">
          <reporter-output>
          </reporter-output>
        </test-method> <!-- Sample -->
      </class> <!-- com.TestNgsuits.Test1 -->
    </test> <!-- Nopackage -->
  </suite> <!-- MySuite1 -->
</testng-results>
